<?xml version="1.0" encoding="UTF-8"?>
<testng-results skipped="0" failed="2" ignored="0" total="2" passed="0">
  <reporter-output>
  </reporter-output>
  <suite name="Default suite" duration-ms="34286" started-at="2017-11-17T06:43:11Z" finished-at="2017-11-17T06:43:45Z">
    <groups>
    </groups>
    <test name="Default test" duration-ms="34286" started-at="2017-11-17T06:43:11Z" finished-at="2017-11-17T06:43:45Z">
      <class name="app.test.GoogleTest">
        <test-method status="PASS" signature="testSetup(org.testng.ITestContext, java.lang.reflect.Method, java.lang.String, java.lang.String, java.lang.String)[pri:0, instance:app.test.GoogleTest@7085bdee]" name="testSetup" is-config="true" duration-ms="5100" started-at="2017-11-17T12:13:11Z" finished-at="2017-11-17T12:13:16Z">
          <params>
            <param index="0">
              <value>
                <![CDATA[org.testng.TestRunner@4c5ae43b]]>
              </value>
            </param>
            <param index="1">
              <value>
                <![CDATA[public void app.test.GoogleTest.testSearchGoogle()]]>
              </value>
            </param>
            <param index="2">
              <value is-null="true"/>
            </param>
            <param index="3">
              <value is-null="true"/>
            </param>
            <param index="4">
              <value is-null="true"/>
            </param>
          </params>
          <reporter-output>
          </reporter-output>
        </test-method> <!-- testSetup -->
        <test-method status="FAIL" signature="testSearchGoogle()[pri:0, instance:app.test.GoogleTest@7085bdee]" name="testSearchGoogle" duration-ms="11853" started-at="2017-11-17T12:13:16Z" finished-at="2017-11-17T12:13:28Z">
          <exception class="java.lang.NullPointerException">
            <full-stacktrace>
              <![CDATA[java.lang.NullPointerException
	at app.page.GooglePage.doSearch(GooglePage.java:40)
	at app.test.GoogleTest.testSearchGoogle(GoogleTest.java:43)
	at sun.reflect.NativeMethodAccessorImpl.invoke0(Native Method)
	at sun.reflect.NativeMethodAccessorImpl.invoke(NativeMethodAccessorImpl.java:62)
	at sun.reflect.DelegatingMethodAccessorImpl.invoke(DelegatingMethodAccessorImpl.java:43)
	at java.lang.reflect.Method.invoke(Method.java:498)
	at org.testng.internal.MethodInvocationHelper.invokeMethod(MethodInvocationHelper.java:108)
	at org.testng.internal.Invoker.invokeMethod(Invoker.java:661)
	at org.testng.internal.Invoker.invokeTestMethod(Invoker.java:869)
	at org.testng.internal.Invoker.invokeTestMethods(Invoker.java:1193)
	at org.testng.internal.TestMethodWorker.invokeTestMethods(TestMethodWorker.java:126)
	at org.testng.internal.TestMethodWorker.run(TestMethodWorker.java:109)
	at org.testng.TestRunner.privateRun(TestRunner.java:744)
	at org.testng.TestRunner.run(TestRunner.java:602)
	at org.testng.SuiteRunner.runTest(SuiteRunner.java:380)
	at org.testng.SuiteRunner.runSequentially(SuiteRunner.java:375)
	at org.testng.SuiteRunner.privateRun(SuiteRunner.java:340)
	at org.testng.SuiteRunner.run(SuiteRunner.java:289)
	at org.testng.SuiteRunnerWorker.runSuite(SuiteRunnerWorker.java:52)
	at org.testng.SuiteRunnerWorker.run(SuiteRunnerWorker.java:86)
	at org.testng.TestNG.runSuitesSequentially(TestNG.java:1301)
	at org.testng.TestNG.runSuitesLocally(TestNG.java:1226)
	at org.testng.TestNG.runSuites(TestNG.java:1144)
	at org.testng.TestNG.run(TestNG.java:1115)
	at org.testng.remote.AbstractRemoteTestNG.run(AbstractRemoteTestNG.java:132)
	at org.testng.remote.RemoteTestNG.initAndRun(RemoteTestNG.java:230)
	at org.testng.remote.RemoteTestNG.main(RemoteTestNG.java:76)
]]>
            </full-stacktrace>
          </exception> <!-- java.lang.NullPointerException -->
          <reporter-output>
          </reporter-output>
        </test-method> <!-- testSearchGoogle -->
        <test-method status="PASS" signature="postTestCase(org.testng.ITestResult, java.lang.reflect.Method)[pri:0, instance:app.test.GoogleTest@7085bdee]" name="postTestCase" is-config="true" duration-ms="1436" started-at="2017-11-17T12:13:28Z" finished-at="2017-11-17T12:13:29Z">
          <params>
            <param index="0">
              <value>
                <![CDATA[[TestResult name=testSearchGoogle status=FAILURE method=GoogleTest.testSearchGoogle()[pri:0, instance:app.test.GoogleTest@7085bdee] output={null}]]]>
              </value>
            </param>
            <param index="1">
              <value>
                <![CDATA[public void app.test.GoogleTest.testSearchGoogle()]]>
              </value>
            </param>
          </params>
          <reporter-output>
          </reporter-output>
        </test-method> <!-- postTestCase -->
        <test-method status="PASS" signature="testSetup(org.testng.ITestContext, java.lang.reflect.Method, java.lang.String, java.lang.String, java.lang.String)[pri:0, instance:app.test.GoogleTest@7085bdee]" name="testSetup" is-config="true" duration-ms="4036" started-at="2017-11-17T12:13:29Z" finished-at="2017-11-17T12:13:33Z">
          <params>
            <param index="0">
              <value>
                <![CDATA[org.testng.TestRunner@4c5ae43b]]>
              </value>
            </param>
            <param index="1">
              <value>
                <![CDATA[public void app.test.GoogleTest.testValidatesearch()]]>
              </value>
            </param>
            <param index="2">
              <value is-null="true"/>
            </param>
            <param index="3">
              <value is-null="true"/>
            </param>
            <param index="4">
              <value is-null="true"/>
            </param>
          </params>
          <reporter-output>
          </reporter-output>
        </test-method> <!-- testSetup -->
        <test-method status="FAIL" signature="testValidatesearch()[pri:0, instance:app.test.GoogleTest@7085bdee]" name="testValidatesearch" duration-ms="10528" started-at="2017-11-17T12:13:33Z" finished-at="2017-11-17T12:13:44Z">
          <exception class="java.lang.NullPointerException">
            <full-stacktrace>
              <![CDATA[java.lang.NullPointerException
	at app.page.GooglePage.doSearch(GooglePage.java:40)
	at app.test.GoogleTest.testValidatesearch(GoogleTest.java:57)
	at sun.reflect.NativeMethodAccessorImpl.invoke0(Native Method)
	at sun.reflect.NativeMethodAccessorImpl.invoke(NativeMethodAccessorImpl.java:62)
	at sun.reflect.DelegatingMethodAccessorImpl.invoke(DelegatingMethodAccessorImpl.java:43)
	at java.lang.reflect.Method.invoke(Method.java:498)
	at org.testng.internal.MethodInvocationHelper.invokeMethod(MethodInvocationHelper.java:108)
	at org.testng.internal.Invoker.invokeMethod(Invoker.java:661)
	at org.testng.internal.Invoker.invokeTestMethod(Invoker.java:869)
	at org.testng.internal.Invoker.invokeTestMethods(Invoker.java:1193)
	at org.testng.internal.TestMethodWorker.invokeTestMethods(TestMethodWorker.java:126)
	at org.testng.internal.TestMethodWorker.run(TestMethodWorker.java:109)
	at org.testng.TestRunner.privateRun(TestRunner.java:744)
	at org.testng.TestRunner.run(TestRunner.java:602)
	at org.testng.SuiteRunner.runTest(SuiteRunner.java:380)
	at org.testng.SuiteRunner.runSequentially(SuiteRunner.java:375)
	at org.testng.SuiteRunner.privateRun(SuiteRunner.java:340)
	at org.testng.SuiteRunner.run(SuiteRunner.java:289)
	at org.testng.SuiteRunnerWorker.runSuite(SuiteRunnerWorker.java:52)
	at org.testng.SuiteRunnerWorker.run(SuiteRunnerWorker.java:86)
	at org.testng.TestNG.runSuitesSequentially(TestNG.java:1301)
	at org.testng.TestNG.runSuitesLocally(TestNG.java:1226)
	at org.testng.TestNG.runSuites(TestNG.java:1144)
	at org.testng.TestNG.run(TestNG.java:1115)
	at org.testng.remote.AbstractRemoteTestNG.run(AbstractRemoteTestNG.java:132)
	at org.testng.remote.RemoteTestNG.initAndRun(RemoteTestNG.java:230)
	at org.testng.remote.RemoteTestNG.main(RemoteTestNG.java:76)
]]>
            </full-stacktrace>
          </exception> <!-- java.lang.NullPointerException -->
          <reporter-output>
          </reporter-output>
        </test-method> <!-- testValidatesearch -->
        <test-method status="PASS" signature="postTestCase(org.testng.ITestResult, java.lang.reflect.Method)[pri:0, instance:app.test.GoogleTest@7085bdee]" name="postTestCase" is-config="true" duration-ms="1302" started-at="2017-11-17T12:13:44Z" finished-at="2017-11-17T12:13:45Z">
          <params>
            <param index="0">
              <value>
                <![CDATA[[TestResult name=testValidatesearch status=FAILURE method=GoogleTest.testValidatesearch()[pri:0, instance:app.test.GoogleTest@7085bdee] output={null}]]]>
              </value>
            </param>
            <param index="1">
              <value>
                <![CDATA[public void app.test.GoogleTest.testValidatesearch()]]>
              </value>
            </param>
          </params>
          <reporter-output>
          </reporter-output>
        </test-method> <!-- postTestCase -->
      </class> <!-- app.test.GoogleTest -->
    </test> <!-- Default test -->
  </suite> <!-- Default suite -->
</testng-results>
